<?xml version="1.0" encoding="UTF-8"?>
<!-- Generated by org.testng.reporters.JUnitReportReporter -->
<testsuite skipped="0" hostname="DESKTOP-P8RTCON" name="TestNGSessions14.PriorityTest2" tests="5" failures="0" timestamp="25 Oct 2022 06:05:24 GMT" time="0.035" errors="0">
  <testcase name="a_test" time="0.018" classname="TestNGSessions14.PriorityTest2"/>
  <testcase name="b_test" time="0.009" classname="TestNGSessions14.PriorityTest2"/>
  <testcase name="c_test" time="0.000" classname="TestNGSessions14.PriorityTest2"/>
  <testcase name="e_test" time="0.000" classname="TestNGSessions14.PriorityTest2"/>
  <testcase name="d_test" time="0.008" classname="TestNGSessions14.PriorityTest2"/>
</testsuite> <!-- TestNGSessions14.PriorityTest2 -->
