<?xml version="1.0" encoding="UTF-8"?>
<!-- Generated by org.testng.reporters.JUnitReportReporter -->
<testsuite skipped="0" hostname="DESKTOP-P8RTCON" name="TestNGSessions14.PriorityTest" tests="5" failures="0" timestamp="25 Oct 2022 06:03:10 GMT" time="0.023" errors="0">
  <testcase name="c_test" time="0.015" classname="TestNGSessions14.PriorityTest"/>
  <testcase name="b_test" time="0.002" classname="TestNGSessions14.PriorityTest"/>
  <testcase name="a_test" time="0.005" classname="TestNGSessions14.PriorityTest"/>
  <testcase name="d_test" time="0.000" classname="TestNGSessions14.PriorityTest"/>
  <testcase name="e_test" time="0.001" classname="TestNGSessions14.PriorityTest"/>
</testsuite> <!-- TestNGSessions14.PriorityTest -->
