<?xml version="1.0" encoding="UTF-8"?>
<!-- Generated by org.testng.reporters.JUnitReportReporter -->
<testsuite skipped="0" hostname="DESKTOP-P8RTCON" name="TestNGSessions13.FlipkartTest" tests="3" failures="0" timestamp="25 Oct 2022 15:56:05 GMT" time="64.614" errors="0">
  <testcase name="flipkartTitleTest" time="61.336" classname="TestNGSessions13.FlipkartTest"/>
  <testcase name="flipkartLogoTest" time="0.191" classname="TestNGSessions13.FlipkartTest"/>
  <testcase name="flipkartSearchButtonTest" time="3.087" classname="TestNGSessions13.FlipkartTest"/>
</testsuite> <!-- TestNGSessions13.FlipkartTest -->
