<?xml version="1.0" encoding="UTF-8"?>
<!-- Generated by org.testng.reporters.JUnitReportReporter -->
<testsuite skipped="0" hostname="DESKTOP-P8RTCON" name="TestNGSessions14.InvocationCount" tests="100" failures="0" timestamp="25 Oct 2022 06:42:29 GMT" time="0.318" errors="0">
  <testcase name="loginTest" time="0.002" classname="TestNGSessions14.InvocationCount"/>
  <testcase name="loginTest" time="0.010" classname="TestNGSessions14.InvocationCount"/>
  <testcase name="loginTest" time="0.000" classname="TestNGSessions14.InvocationCount"/>
  <testcase name="loginTest" time="0.000" classname="TestNGSessions14.InvocationCount"/>
  <testcase name="loginTest" time="0.000" classname="TestNGSessions14.InvocationCount"/>
  <testcase name="loginTest" time="0.000" classname="TestNGSessions14.InvocationCount"/>
  <testcase name="loginTest" time="0.000" classname="TestNGSessions14.InvocationCount"/>
  <testcase name="loginTest" time="0.003" classname="TestNGSessions14.InvocationCount"/>
  <testcase name="loginTest" time="0.017" classname="TestNGSessions14.InvocationCount"/>
  <testcase name="loginTest" time="0.002" classname="TestNGSessions14.InvocationCount"/>
  <testcase name="loginTest" time="0.000" classname="TestNGSessions14.InvocationCount"/>
  <testcase name="loginTest" time="0.000" classname="TestNGSessions14.InvocationCount"/>
  <testcase name="loginTest" time="0.000" classname="TestNGSessions14.InvocationCount"/>
  <testcase name="loginTest" time="0.000" classname="TestNGSessions14.InvocationCount"/>
  <testcase name="loginTest" time="0.000" classname="TestNGSessions14.InvocationCount"/>
  <testcase name="loginTest" time="0.001" classname="TestNGSessions14.InvocationCount"/>
  <testcase name="loginTest" time="0.000" classname="TestNGSessions14.InvocationCount"/>
  <testcase name="loginTest" time="0.017" classname="TestNGSessions14.InvocationCount"/>
  <testcase name="loginTest" time="0.000" classname="TestNGSessions14.InvocationCount"/>
  <testcase name="loginTest" time="0.000" classname="TestNGSessions14.InvocationCount"/>
  <testcase name="loginTest" time="0.000" classname="TestNGSessions14.InvocationCount"/>
  <testcase name="loginTest" time="0.015" classname="TestNGSessions14.InvocationCount"/>
  <testcase name="loginTest" time="0.000" classname="TestNGSessions14.InvocationCount"/>
  <testcase name="loginTest" time="0.000" classname="TestNGSessions14.InvocationCount"/>
  <testcase name="loginTest" time="0.000" classname="TestNGSessions14.InvocationCount"/>
  <testcase name="loginTest" time="0.000" classname="TestNGSessions14.InvocationCount"/>
  <testcase name="loginTest" time="0.000" classname="TestNGSessions14.InvocationCount"/>
  <testcase name="loginTest" time="0.004" classname="TestNGSessions14.InvocationCount"/>
  <testcase name="loginTest" time="0.000" classname="TestNGSessions14.InvocationCount"/>
  <testcase name="loginTest" time="0.000" classname="TestNGSessions14.InvocationCount"/>
  <testcase name="loginTest" time="0.000" classname="TestNGSessions14.InvocationCount"/>
  <testcase name="loginTest" time="0.005" classname="TestNGSessions14.InvocationCount"/>
  <testcase name="loginTest" time="0.000" classname="TestNGSessions14.InvocationCount"/>
  <testcase name="loginTest" time="0.000" classname="TestNGSessions14.InvocationCount"/>
  <testcase name="loginTest" time="0.000" classname="TestNGSessions14.InvocationCount"/>
  <testcase name="loginTest" time="0.000" classname="TestNGSessions14.InvocationCount"/>
  <testcase name="loginTest" time="0.000" classname="TestNGSessions14.InvocationCount"/>
  <testcase name="loginTest" time="0.000" classname="TestNGSessions14.InvocationCount"/>
  <testcase name="loginTest" time="0.000" classname="TestNGSessions14.InvocationCount"/>
  <testcase name="loginTest" time="0.002" classname="TestNGSessions14.InvocationCount"/>
  <testcase name="loginTest" time="0.002" classname="TestNGSessions14.InvocationCount"/>
  <testcase name="loginTest" time="0.000" classname="TestNGSessions14.InvocationCount"/>
  <testcase name="loginTest" time="0.000" classname="TestNGSessions14.InvocationCount"/>
  <testcase name="loginTest" time="0.000" classname="TestNGSessions14.InvocationCount"/>
  <testcase name="loginTest" time="0.000" classname="TestNGSessions14.InvocationCount"/>
  <testcase name="loginTest" time="0.032" classname="TestNGSessions14.InvocationCount"/>
  <testcase name="loginTest" time="0.008" classname="TestNGSessions14.InvocationCount"/>
  <testcase name="loginTest" time="0.000" classname="TestNGSessions14.InvocationCount"/>
  <testcase name="loginTest" time="0.017" classname="TestNGSessions14.InvocationCount"/>
  <testcase name="loginTest" time="0.003" classname="TestNGSessions14.InvocationCount"/>
  <testcase name="loginTest" time="0.000" classname="TestNGSessions14.InvocationCount"/>
  <testcase name="loginTest" time="0.000" classname="TestNGSessions14.InvocationCount"/>
  <testcase name="loginTest" time="0.000" classname="TestNGSessions14.InvocationCount"/>
  <testcase name="loginTest" time="0.013" classname="TestNGSessions14.InvocationCount"/>
  <testcase name="loginTest" time="0.000" classname="TestNGSessions14.InvocationCount"/>
  <testcase name="loginTest" time="0.005" classname="TestNGSessions14.InvocationCount"/>
  <testcase name="loginTest" time="0.001" classname="TestNGSessions14.InvocationCount"/>
  <testcase name="loginTest" time="0.000" classname="TestNGSessions14.InvocationCount"/>
  <testcase name="loginTest" time="0.003" classname="TestNGSessions14.InvocationCount"/>
  <testcase name="loginTest" time="0.020" classname="TestNGSessions14.InvocationCount"/>
  <testcase name="loginTest" time="0.000" classname="TestNGSessions14.InvocationCount"/>
  <testcase name="loginTest" time="0.004" classname="TestNGSessions14.InvocationCount"/>
  <testcase name="loginTest" time="0.000" classname="TestNGSessions14.InvocationCount"/>
  <testcase name="loginTest" time="0.000" classname="TestNGSessions14.InvocationCount"/>
  <testcase name="loginTest" time="0.016" classname="TestNGSessions14.InvocationCount"/>
  <testcase name="loginTest" time="0.005" classname="TestNGSessions14.InvocationCount"/>
  <testcase name="loginTest" time="0.000" classname="TestNGSessions14.InvocationCount"/>
  <testcase name="loginTest" time="0.000" classname="TestNGSessions14.InvocationCount"/>
  <testcase name="loginTest" time="0.008" classname="TestNGSessions14.InvocationCount"/>
  <testcase name="loginTest" time="0.000" classname="TestNGSessions14.InvocationCount"/>
  <testcase name="loginTest" time="0.000" classname="TestNGSessions14.InvocationCount"/>
  <testcase name="loginTest" time="0.007" classname="TestNGSessions14.InvocationCount"/>
  <testcase name="loginTest" time="0.008" classname="TestNGSessions14.InvocationCount"/>
  <testcase name="loginTest" time="0.002" classname="TestNGSessions14.InvocationCount"/>
  <testcase name="loginTest" time="0.000" classname="TestNGSessions14.InvocationCount"/>
  <testcase name="loginTest" time="0.000" classname="TestNGSessions14.InvocationCount"/>
  <testcase name="loginTest" time="0.000" classname="TestNGSessions14.InvocationCount"/>
  <testcase name="loginTest" time="0.000" classname="TestNGSessions14.InvocationCount"/>
  <testcase name="loginTest" time="0.000" classname="TestNGSessions14.InvocationCount"/>
  <testcase name="loginTest" time="0.000" classname="TestNGSessions14.InvocationCount"/>
  <testcase name="loginTest" time="0.006" classname="TestNGSessions14.InvocationCount"/>
  <testcase name="loginTest" time="0.000" classname="TestNGSessions14.InvocationCount"/>
  <testcase name="loginTest" time="0.022" classname="TestNGSessions14.InvocationCount"/>
  <testcase name="loginTest" time="0.008" classname="TestNGSessions14.InvocationCount"/>
  <testcase name="loginTest" time="0.000" classname="TestNGSessions14.InvocationCount"/>
  <testcase name="loginTest" time="0.015" classname="TestNGSessions14.InvocationCount"/>
  <testcase name="loginTest" time="0.000" classname="TestNGSessions14.InvocationCount"/>
  <testcase name="loginTest" time="0.005" classname="TestNGSessions14.InvocationCount"/>
  <testcase name="loginTest" time="0.010" classname="TestNGSessions14.InvocationCount"/>
  <testcase name="loginTest" time="0.007" classname="TestNGSessions14.InvocationCount"/>
  <testcase name="loginTest" time="0.010" classname="TestNGSessions14.InvocationCount"/>
  <testcase name="loginTest" time="0.000" classname="TestNGSessions14.InvocationCount"/>
  <testcase name="loginTest" time="0.000" classname="TestNGSessions14.InvocationCount"/>
  <testcase name="loginTest" time="0.002" classname="TestNGSessions14.InvocationCount"/>
  <testcase name="loginTest" time="0.001" classname="TestNGSessions14.InvocationCount"/>
  <testcase name="loginTest" time="0.000" classname="TestNGSessions14.InvocationCount"/>
  <testcase name="loginTest" time="0.000" classname="TestNGSessions14.InvocationCount"/>
  <testcase name="loginTest" time="0.000" classname="TestNGSessions14.InvocationCount"/>
  <testcase name="loginTest" time="0.000" classname="TestNGSessions14.InvocationCount"/>
  <testcase name="loginTest" time="0.000" classname="TestNGSessions14.InvocationCount"/>
</testsuite> <!-- TestNGSessions14.InvocationCount -->
