<?xml version="1.0" encoding="UTF-8"?>
<!-- Generated by org.testng.reporters.JUnitReportReporter -->
<testsuite skipped="0" hostname="DESKTOP-P8RTCON" name="TestNGSessions14.PriorityTest3" tests="5" failures="0" timestamp="25 Oct 2022 06:13:21 GMT" time="0.048" errors="0">
  <testcase name="a_test" time="0.024" classname="TestNGSessions14.PriorityTest3"/>
  <testcase name="b_test" time="0.008" classname="TestNGSessions14.PriorityTest3"/>
  <testcase name="c_test" time="0.008" classname="TestNGSessions14.PriorityTest3"/>
  <testcase name="e_test" time="0.000" classname="TestNGSessions14.PriorityTest3"/>
  <testcase name="d_test" time="0.008" classname="TestNGSessions14.PriorityTest3"/>
</testsuite> <!-- TestNGSessions14.PriorityTest3 -->
