<?xml version="1.0" encoding="UTF-8"?>
<!-- Generated by org.testng.reporters.JUnitReportReporter -->
<testsuite skipped="0" hostname="DESKTOP-P8RTCON" name="TestNGSessions.NoonTest" tests="3" failures="0" timestamp="25 Oct 2022 05:46:36 GMT" time="9.331" errors="0">
  <testcase name="noonTitleTest" time="6.122" classname="TestNGSessions.NoonTest"/>
  <testcase name="noonLogoTest" time="0.088" classname="TestNGSessions.NoonTest"/>
  <testcase name="noonSignInTest" time="3.121" classname="TestNGSessions.NoonTest"/>
</testsuite> <!-- TestNGSessions.NoonTest -->
