<?xml version="1.0" encoding="UTF-8"?>
<!-- Generated by org.testng.reporters.JUnitReportReporter -->
<testsuite skipped="0" hostname="DESKTOP-P8RTCON" name="TestNGSessions14.ExpectedExceptions4" tests="1" failures="0" timestamp="25 Oct 2022 06:30:20 GMT" time="0.016" errors="0">
  <testcase name="divTest" time="0.016" classname="TestNGSessions14.ExpectedExceptions4"/>
</testsuite> <!-- TestNGSessions14.ExpectedExceptions4 -->
