<?xml version="1.0" encoding="UTF-8"?>
<!-- Generated by org.testng.reporters.JUnitReportReporter -->
<testsuite skipped="0" hostname="DESKTOP-P8RTCON" name="TestNGSessions13.AmazonTest" tests="3" failures="0" timestamp="25 Oct 2022 07:05:21 GMT" time="0.023" errors="0">
  <testcase name="amazonTestTitle" time="0.000" classname="TestNGSessions13.AmazonTest"/>
  <testcase name="amazonTestFilter" time="0.015" classname="TestNGSessions13.AmazonTest"/>
  <testcase name="amazonTestSearch" time="0.008" classname="TestNGSessions13.AmazonTest"/>
</testsuite> <!-- TestNGSessions13.AmazonTest -->
