<?xml version="1.0" encoding="UTF-8"?>
<!-- Generated by org.testng.reporters.JUnitReportReporter -->
<testsuite skipped="0" hostname="DESKTOP-P8RTCON" name="TestNGSessions14.ExpectedExceptions2" tests="1" failures="0" timestamp="25 Oct 2022 06:22:40 GMT" time="0.033" errors="0">
  <testcase name="divTest" time="0.033" classname="TestNGSessions14.ExpectedExceptions2"/>
</testsuite> <!-- TestNGSessions14.ExpectedExceptions2 -->
