<?xml version="1.0" encoding="UTF-8"?>
<!-- Generated by org.testng.reporters.JUnitReportReporter -->
<testsuite skipped="0" hostname="DESKTOP-P8RTCON" name="TestNGSessions14.DependsOnMethods1" tests="3" failures="0" timestamp="25 Oct 2022 06:38:09 GMT" time="0.035" errors="0">
  <testcase name="loginTest" time="0.035" classname="TestNGSessions14.DependsOnMethods1"/>
  <testcase name="searchTest" time="0.000" classname="TestNGSessions14.DependsOnMethods1"/>
  <testcase name="filterTest" time="0.000" classname="TestNGSessions14.DependsOnMethods1"/>
</testsuite> <!-- TestNGSessions14.DependsOnMethods1 -->
